{
  "RSpec": {
    "coverage": {
      "/Users/tiagosciencia/Documents/workspace/ror_projects/microblog/config/environment.rb": [
        null,
        1,
        null,
        null,
        1
      ],
      "/Users/tiagosciencia/Documents/workspace/ror_projects/microblog/config/application.rb": [
        1,
        null,
        1,
        null,
        null,
        null,
        1,
        null,
        1,
        1,
        null,
        null,
        null,
        null,
        null,
        null,
        null,
        null,
        null,
        null,
        null,
        null,
        null,
        1,
        null,
        1,
        1,
        null,
        null,
        null,
        null,
        null,
        null,
        null,
        null,
        null,
        1,
        null,
        null
      ],
      "/Users/tiagosciencia/Documents/workspace/ror_projects/microblog/config/boot.rb": [
        1,
        null,
        1
      ],
      "/Users/tiagosciencia/Documents/workspace/ror_projects/microblog/config/environments/test.rb": [
        1,
        null,
        null,
        null,
        null,
        null,
        null,
        1,
        null,
        null,
        null,
        null,
        1,
        null,
        null,
        1,
        1,
        null,
        null,
        1,
        1,
        null,
        null,
        1,
        null,
        null,
        1,
        null,
        null,
        null,
        null,
        1,
        null,
        null,
        1,
        null,
        null,
        1,
        null,
        null,
        null,
        null
      ],
      "/Users/tiagosciencia/Documents/workspace/ror_projects/microblog/config/initializers/assets.rb": [
        null,
        null,
        null,
        1,
        null,
        null,
        null,
        null,
        null,
        null,
        null
      ],
      "/Users/tiagosciencia/Documents/workspace/ror_projects/microblog/config/initializers/backtrace_silencers.rb": [
        null,
        null,
        null,
        null,
        null,
        null,
        null
      ],
      "/Users/tiagosciencia/Documents/workspace/ror_projects/microblog/config/initializers/cookies_serializer.rb": [
        null,
        null,
        1
      ],
      "/Users/tiagosciencia/Documents/workspace/ror_projects/microblog/config/initializers/filter_parameter_logging.rb": [
        null,
        null,
        null,
        1
      ],
      "/Users/tiagosciencia/Documents/workspace/ror_projects/microblog/config/initializers/inflections.rb": [
        null,
        null,
        null,
        null,
        null,
        null,
        null,
        null,
        null,
        null,
        null,
        null,
        null,
        null,
        null,
        null
      ],
      "/Users/tiagosciencia/Documents/workspace/ror_projects/microblog/config/initializers/mime_types.rb": [
        null,
        null,
        null,
        null
      ],
      "/Users/tiagosciencia/Documents/workspace/ror_projects/microblog/config/initializers/session_store.rb": [
        null,
        null,
        1
      ],
      "/Users/tiagosciencia/Documents/workspace/ror_projects/microblog/config/initializers/wrap_parameters.rb": [
        null,
        null,
        null,
        null,
        null,
        null,
        1,
        1,
        null,
        null,
        null,
        null,
        null,
        null
      ],
      "/Users/tiagosciencia/Documents/workspace/ror_projects/microblog/config/routes.rb": [
        1,
        null,
        1,
        null,
        1,
        null,
        1,
        1,
        null,
        null
      ],
      "/Users/tiagosciencia/Documents/workspace/ror_projects/microblog/app/helpers/application_helper.rb": [
        1,
        null
      ],
      "/Users/tiagosciencia/Documents/workspace/ror_projects/microblog/app/helpers/contacts_helper.rb": [
        1,
        null
      ],
      "/Users/tiagosciencia/Documents/workspace/ror_projects/microblog/app/helpers/posts_helper.rb": [
        1,
        null
      ],
      "/Users/tiagosciencia/Documents/workspace/ror_projects/microblog/app/controllers/contacts_controller.rb": [
        1,
        null,
        1,
        1,
        null,
        null,
        1,
        2,
        null,
        2,
        1,
        1,
        null,
        1,
        null,
        null,
        null,
        1,
        null,
        1,
        3,
        null,
        null,
        null
      ],
      "/Users/tiagosciencia/Documents/workspace/ror_projects/microblog/app/controllers/application_controller.rb": [
        1,
        null,
        null,
        1,
        null
      ],
      "/Users/tiagosciencia/Documents/workspace/ror_projects/microblog/app/controllers/home_controller.rb": [
        1,
        null,
        1,
        1,
        null,
        null,
        1,
        null,
        null,
        null
      ],
      "/Users/tiagosciencia/Documents/workspace/ror_projects/microblog/app/controllers/posts_controller.rb": [
        1,
        1,
        1,
        null,
        null,
        1,
        1,
        null,
        null,
        1,
        1,
        null,
        null,
        1,
        1,
        null,
        null,
        1,
        5,
        5,
        3,
        null,
        2,
        null,
        null,
        null,
        1,
        5,
        5,
        3,
        null,
        2,
        null,
        null,
        null,
        1,
        2,
        2,
        null,
        null,
        1,
        null,
        1,
        10,
        null,
        null
      ],
      "/Users/tiagosciencia/Documents/workspace/ror_projects/microblog/app/models/post.rb": [
        1,
        1,
        1,
        null,
        1,
        null,
        1,
        9,
        null,
        null,
        1,
        null,
        1,
        19,
        null,
        null
      ],
      "/Users/tiagosciencia/Documents/workspace/ror_projects/microblog/app/models/contact.rb": [
        1,
        1,
        1,
        1,
        null,
        1,
        null,
        null,
        1,
        null,
        null,
        1,
        null,
        null,
        1,
        null,
        1,
        3,
        8,
        null,
        null,
        null,
        1,
        0,
        null,
        null
      ],
      "/Users/tiagosciencia/Documents/workspace/ror_projects/microblog/app/mailers/contact_mailer.rb": [
        1,
        1,
        null,
        1,
        1,
        1,
        null,
        null
      ]
    },
    "timestamp": 1423182692
  }
}
